生成启动时间为 2016/9/13 14:30:26。
     1>项目“C:\Users\luoxiang\Documents\Visual Studio 2013\Projects\C++Primer之第七章课后习题选做\C++Primer之第七章课后习题选做\C++Primer之第七章课后习题选做.vcxproj”在节点 2 上(Build 个目标)。
     1>ClCompile:
         C:\Program Files (x86)\Microsoft Visual Studio 12.0\VC\bin\CL.exe /c /ZI /nologo /W3 /WX- /sdl /Od /Oy- /D _UNICODE /D UNICODE /Gm /EHsc /RTC1 /MDd /GS /fp:precise /Zc:wchar_t /Zc:forScope /Fo"Debug\\" /Fd"Debug\vc120.pdb" /Gd /TP /analyze- /errorReport:prompt 7.24.cpp 7.32.cpp
         7.32.cpp
         7.24.cpp
         正在生成代码...
     1>c:\users\luoxiang\documents\visual studio 2013\projects\c++primer之第七章课后习题选做\c++primer之第七章课后习题选做\7.24.cpp(124): warning C4715: “knightTour”: 不是所有的控件路径都返回值
       Link:
         C:\Program Files (x86)\Microsoft Visual Studio 12.0\VC\bin\link.exe /ERRORREPORT:PROMPT /OUT:"C:\Users\luoxiang\Documents\Visual Studio 2013\Projects\C++Primer之第七章课后习题选做\Debug\C++Primer之第七章课后习题选做.exe" /INCREMENTAL /NOLOGO kernel32.lib user32.lib gdi32.lib winspool.lib comdlg32.lib advapi32.lib shell32.lib ole32.lib oleaut32.lib uuid.lib odbc32.lib odbccp32.lib /MANIFEST /MANIFESTUAC:"level='asInvoker' uiAccess='false'" /manifest:embed /DEBUG /PDB:"C:\Users\luoxiang\Documents\Visual Studio 2013\Projects\C++Primer之第七章课后习题选做\Debug\C++Primer之第七章课后习题选做.pdb" /TLBID:1 /DYNAMICBASE /NXCOMPAT /IMPLIB:"C:\Users\luoxiang\Documents\Visual Studio 2013\Projects\C++Primer之第七章课后习题选做\Debug\C++Primer之第七章课后习题选做.lib" /MACHINE:X86 Debug\7.11.obj
         Debug\7.17.obj
         Debug\7.31.obj
         Debug\7.23.obj
         Debug\7.24.obj
         "Debug\7.27(1).obj"
         Debug\7.27.obj
         Debug\7.29.obj
         Debug\7.30.obj
         Debug\7.32.obj
         C++Primer之第七章课后习题选做.vcxproj -> C:\Users\luoxiang\Documents\Visual Studio 2013\Projects\C++Primer之第七章课后习题选做\Debug\C++Primer之第七章课后习题选做.exe
     1>已完成生成项目“C:\Users\luoxiang\Documents\Visual Studio 2013\Projects\C++Primer之第七章课后习题选做\C++Primer之第七章课后习题选做\C++Primer之第七章课后习题选做.vcxproj”(Build 个目标)的操作。

生成成功。

已用时间 00:00:04.14
